{"numFailedTestSuites":0,"numFailedTests":0,"numPassedTestSuites":2,"numPassedTests":8,"numPendingTestSuites":0,"numPendingTests":0,"numRuntimeErrorTestSuites":0,"numTodoTests":0,"numTotalTestSuites":2,"numTotalTests":8,"openHandles":[],"snapshot":{"added":0,"didUpdate":false,"failure":false,"filesAdded":0,"filesRemoved":0,"filesRemovedList":[],"filesUnmatched":0,"filesUpdated":0,"matched":0,"total":0,"unchecked":0,"uncheckedKeysByFile":[],"unmatched":0,"updated":0},"startTime":1733487957675,"success":true,"testResults":[{"leaks":false,"numFailingTests":0,"numPassingTests":3,"numPendingTests":0,"numTodoTests":0,"openHandles":[],"perfStats":{"end":1733487964092,"runtime":5490,"slow":true,"start":1733487958602},"skipped":false,"snapshot":{"added":0,"fileDeleted":false,"matched":0,"unchecked":0,"uncheckedKeys":[],"unmatched":0,"updated":0},"testFilePath":"C:\\Users\\Inteli\\Documents\\modulo_08\\2024-2B-T09-ES08-G03\\src\\api\\tempo-resposta\\src\\test\\app.controller.spec.ts","testResults":[{"ancestorTitles":["AppController"],"duration":34,"failureDetails":[],"failureMessages":[],"fullName":"AppController deve ser definido","invocations":1,"location":null,"numPassingAsserts":1,"retryReasons":[],"status":"passed","title":"deve ser definido"},{"ancestorTitles":["AppController"],"duration":6,"failureDetails":[],"failureMessages":[],"fullName":"AppController deve chamar startTimerService com os argumentos corretos","invocations":1,"location":null,"numPassingAsserts":2,"retryReasons":[],"status":"passed","title":"deve chamar startTimerService com os argumentos corretos"},{"ancestorTitles":["AppController"],"duration":2,"failureDetails":[],"failureMessages":[],"fullName":"AppController deve chamar endTimerService com o argumento correto","invocations":1,"location":null,"numPassingAsserts":2,"retryReasons":[],"status":"passed","title":"deve chamar endTimerService com o argumento correto"}],"failureMessage":null},{"leaks":false,"numFailingTests":0,"numPassingTests":5,"numPendingTests":0,"numTodoTests":0,"openHandles":[],"perfStats":{"end":1733487965079,"runtime":6498,"slow":true,"start":1733487958581},"skipped":false,"snapshot":{"added":0,"fileDeleted":false,"matched":0,"unchecked":0,"uncheckedKeys":[],"unmatched":0,"updated":0},"testFilePath":"C:\\Users\\Inteli\\Documents\\modulo_08\\2024-2B-T09-ES08-G03\\src\\api\\tempo-resposta\\src\\test\\app.service.spec.ts","testResults":[{"ancestorTitles":["AppService"],"duration":24,"failureDetails":[],"failureMessages":[],"fullName":"AppService deve ser definido","invocations":1,"location":null,"numPassingAsserts":1,"retryReasons":[],"status":"passed","title":"deve ser definido"},{"ancestorTitles":["AppService"],"duration":2,"failureDetails":[],"failureMessages":[],"fullName":"AppService deve criar um novo timer","invocations":1,"location":null,"numPassingAsserts":2,"retryReasons":[],"status":"passed","title":"deve criar um novo timer"},{"ancestorTitles":["AppService"],"duration":2,"failureDetails":[],"failureMessages":[],"fullName":"AppService não deve criar um timer se já existir um com o mesmo uploadId","invocations":1,"location":null,"numPassingAsserts":1,"retryReasons":[],"status":"passed","title":"não deve criar um timer se já existir um com o mesmo uploadId"},{"ancestorTitles":["AppService"],"duration":17,"failureDetails":[],"failureMessages":[],"fullName":"AppService deve encerrar um timer existente e enviar um log","invocations":1,"location":null,"numPassingAsserts":2,"retryReasons":[],"status":"passed","title":"deve encerrar um timer existente e enviar um log"},{"ancestorTitles":["AppService"],"duration":2,"failureDetails":[],"failureMessages":[],"fullName":"AppService deve retornar mensagem se não houver timer com o uploadId","invocations":1,"location":null,"numPassingAsserts":1,"retryReasons":[],"status":"passed","title":"deve retornar mensagem se não houver timer com o uploadId"}],"failureMessage":null}],"wasInterrupted":false}